  [1m[36m (51.4ms)[0m  [1mCREATE TABLE "schema_migrations" ("version" varchar(255) NOT NULL) [0m
  [1m[35m (9.5ms)[0m  CREATE UNIQUE INDEX "unique_schema_migrations" ON "schema_migrations" ("version")
  [1m[36mActiveRecord::SchemaMigration Load (0.2ms)[0m  [1mSELECT "schema_migrations".* FROM "schema_migrations"[0m
Migrating to CreateGists (20140326173932)
  [1m[35m (0.1ms)[0m  begin transaction
  [1m[36m (0.6ms)[0m  [1mCREATE TABLE "gists" ("id" INTEGER PRIMARY KEY AUTOINCREMENT NOT NULL, "snippet" text, "lang" varchar(255), "description" varchar(255), "created_at" datetime, "updated_at" datetime) [0m
  [1m[35mSQL (3.3ms)[0m  INSERT INTO "schema_migrations" ("version") VALUES (?)  [["version", "20140326173932"]]
  [1m[36m (9.2ms)[0m  [1mcommit transaction[0m
  [1m[35mActiveRecord::SchemaMigration Load (0.2ms)[0m  SELECT "schema_migrations".* FROM "schema_migrations"


Started GET "/" for 127.0.0.1 at 2014-03-26 18:41:21 +0100
  [1m[36mActiveRecord::SchemaMigration Load (0.2ms)[0m  [1mSELECT "schema_migrations".* FROM "schema_migrations"[0m
Processing by Rails::WelcomeController#index as HTML
  Rendered /home/student/.gems/ruby/2.0.0/gems/railties-4.0.4/lib/rails/templates/rails/welcome/index.html.erb (1.7ms)
Completed 200 OK in 38ms (Views: 8.4ms | ActiveRecord: 0.0ms)


Started GET "/rails/info/properties" for 127.0.0.1 at 2014-03-26 18:41:32 +0100
Processing by Rails::InfoController#properties as */*
  [1m[35mActiveRecord::SchemaMigration Load (0.2ms)[0m  SELECT "schema_migrations".* FROM "schema_migrations"
  Rendered /home/student/.gems/ruby/2.0.0/gems/railties-4.0.4/lib/rails/templates/rails/info/properties.html.erb (1.3ms)
Completed 200 OK in 28ms (Views: 16.2ms | ActiveRecord: 0.6ms)


Started GET "/" for 127.0.0.1 at 2014-03-26 18:45:30 +0100
Processing by Rails::WelcomeController#index as HTML
  Rendered /home/student/.gems/ruby/2.0.0/gems/railties-4.0.4/lib/rails/templates/rails/welcome/index.html.erb (0.4ms)
Completed 200 OK in 4ms (Views: 3.5ms | ActiveRecord: 0.0ms)


Started GET "/" for 127.0.0.1 at 2014-03-26 18:45:33 +0100
Processing by Rails::WelcomeController#index as HTML
  Rendered /home/student/.gems/ruby/2.0.0/gems/railties-4.0.4/lib/rails/templates/rails/welcome/index.html.erb (0.1ms)
Completed 200 OK in 10ms (Views: 9.3ms | ActiveRecord: 0.0ms)


Started GET "/" for 127.0.0.1 at 2014-03-26 18:46:13 +0100
Processing by Rails::WelcomeController#index as HTML
  Rendered /home/student/.gems/ruby/2.0.0/gems/railties-4.0.4/lib/rails/templates/rails/welcome/index.html.erb (0.1ms)
Completed 200 OK in 12ms (Views: 10.8ms | ActiveRecord: 0.0ms)


Started GET "/" for 127.0.0.1 at 2014-03-26 18:46:36 +0100
  [1m[36mActiveRecord::SchemaMigration Load (0.3ms)[0m  [1mSELECT "schema_migrations".* FROM "schema_migrations"[0m
Processing by Rails::WelcomeController#index as HTML
  Rendered /home/student/.gems/ruby/2.0.0/gems/railties-4.0.4/lib/rails/templates/rails/welcome/index.html.erb (3.3ms)
Completed 200 OK in 38ms (Views: 10.9ms | ActiveRecord: 0.0ms)


Started GET "/" for 127.0.0.1 at 2014-03-26 18:46:44 +0100
Processing by Rails::WelcomeController#index as HTML
  Rendered /home/student/.gems/ruby/2.0.0/gems/railties-4.0.4/lib/rails/templates/rails/welcome/index.html.erb (0.2ms)
Completed 200 OK in 11ms (Views: 9.5ms | ActiveRecord: 0.0ms)


Started GET "/" for 127.0.0.1 at 2014-03-26 18:46:45 +0100
Processing by Rails::WelcomeController#index as HTML
  Rendered /home/student/.gems/ruby/2.0.0/gems/railties-4.0.4/lib/rails/templates/rails/welcome/index.html.erb (0.1ms)
Completed 200 OK in 11ms (Views: 9.7ms | ActiveRecord: 0.0ms)


Started GET "/" for 127.0.0.1 at 2014-03-26 18:46:46 +0100
Processing by Rails::WelcomeController#index as HTML
  Rendered /home/student/.gems/ruby/2.0.0/gems/railties-4.0.4/lib/rails/templates/rails/welcome/index.html.erb (0.2ms)
Completed 200 OK in 7ms (Views: 6.4ms | ActiveRecord: 0.0ms)


Started GET "/gists" for 127.0.0.1 at 2014-03-26 19:19:43 +0100
  [1m[36mActiveRecord::SchemaMigration Load (0.2ms)[0m  [1mSELECT "schema_migrations".* FROM "schema_migrations"[0m
Processing by GistsController#index as HTML
  [1m[35mGist Load (0.4ms)[0m  SELECT "gists".* FROM "gists"
  Rendered gists/index.html.erb within layouts/application (5.8ms)
Completed 200 OK in 1323ms (Views: 1293.0ms | ActiveRecord: 0.4ms)


Started GET "/gists/new" for 127.0.0.1 at 2014-03-26 19:19:54 +0100
Processing by GistsController#new as HTML
  Rendered gists/_form.html.erb (95.2ms)
  Rendered gists/new.html.erb within layouts/application (111.0ms)
Completed 200 OK in 124ms (Views: 117.6ms | ActiveRecord: 4.5ms)


Started POST "/gists" for 127.0.0.1 at 2014-03-26 19:20:19 +0100
Processing by GistsController#create as HTML
  Parameters: {"utf8"=>"✓", "authenticity_token"=>"6lyr8/1v51idbOqyIobNi5BvG3RrqZNA08TnYUBHlco=", "gist"=>{"snippet"=>"snip", "lang"=>"c", "description"=>"desc"}, "commit"=>"Create Gist"}
  [1m[36m (0.2ms)[0m  [1mbegin transaction[0m
  [1m[35mSQL (4.1ms)[0m  INSERT INTO "gists" ("created_at", "description", "lang", "snippet", "updated_at") VALUES (?, ?, ?, ?, ?)  [["created_at", Wed, 26 Mar 2014 18:20:19 UTC +00:00], ["description", "desc"], ["lang", "c"], ["snippet", "snip"], ["updated_at", Wed, 26 Mar 2014 18:20:19 UTC +00:00]]
  [1m[36m (74.3ms)[0m  [1mcommit transaction[0m
Redirected to http://localhost:3000/gists/1
Completed 302 Found in 90ms (ActiveRecord: 78.7ms)


Started GET "/gists/1" for 127.0.0.1 at 2014-03-26 19:20:19 +0100
Processing by GistsController#show as HTML
  Parameters: {"id"=>"1"}
  [1m[35mGist Load (0.4ms)[0m  SELECT "gists".* FROM "gists" WHERE "gists"."id" = ? LIMIT 1  [["id", "1"]]
  Rendered gists/show.html.erb within layouts/application (139.8ms)
Completed 200 OK in 155ms (Views: 149.9ms | ActiveRecord: 0.4ms)


Started GET "/gists" for 127.0.0.1 at 2014-03-26 19:20:26 +0100
Processing by GistsController#index as HTML
  [1m[36mGist Load (1.5ms)[0m  [1mSELECT "gists".* FROM "gists"[0m
  Rendered gists/index.html.erb within layouts/application (12.3ms)
Completed 200 OK in 27ms (Views: 24.9ms | ActiveRecord: 1.5ms)


Started GET "/gists/1" for 127.0.0.1 at 2014-03-26 19:32:10 +0100
Processing by GistsController#show as HTML
  Parameters: {"id"=>"1"}
  [1m[35mGist Load (0.2ms)[0m  SELECT "gists".* FROM "gists" WHERE "gists"."id" = ? LIMIT 1  [["id", "1"]]
  Rendered gists/show.html.erb within layouts/application (12.4ms)
Completed 200 OK in 28ms (Views: 23.1ms | ActiveRecord: 0.2ms)


Started GET "/gists" for 127.0.0.1 at 2014-03-26 19:32:11 +0100
Processing by GistsController#index as HTML
  [1m[36mGist Load (0.3ms)[0m  [1mSELECT "gists".* FROM "gists"[0m
  Rendered gists/index.html.erb within layouts/application (3.0ms)
Completed 200 OK in 19ms (Views: 18.2ms | ActiveRecord: 0.3ms)


Started GET "/" for 127.0.0.1 at 2014-03-26 19:37:58 +0100
Processing by Rails::WelcomeController#index as HTML
  Rendered /home/student/.gems/ruby/2.0.0/gems/railties-4.0.4/lib/rails/templates/rails/welcome/index.html.erb (1.3ms)
Completed 200 OK in 8ms (Views: 6.2ms | ActiveRecord: 0.0ms)


Started GET "/" for 127.0.0.1 at 2014-03-26 19:37:58 +0100
Processing by Rails::WelcomeController#index as HTML
  Rendered /home/student/.gems/ruby/2.0.0/gems/railties-4.0.4/lib/rails/templates/rails/welcome/index.html.erb (0.1ms)
Completed 200 OK in 13ms (Views: 8.1ms | ActiveRecord: 0.0ms)


Started GET "/" for 127.0.0.1 at 2014-03-26 19:38:03 +0100
Processing by Rails::WelcomeController#index as HTML
  Rendered /home/student/.gems/ruby/2.0.0/gems/railties-4.0.4/lib/rails/templates/rails/welcome/index.html.erb (0.1ms)
Completed 200 OK in 6ms (Views: 4.8ms | ActiveRecord: 0.0ms)


Started GET "/" for 127.0.0.1 at 2014-03-26 19:38:14 +0100
Processing by Rails::WelcomeController#index as HTML
  Rendered /home/student/.gems/ruby/2.0.0/gems/railties-4.0.4/lib/rails/templates/rails/welcome/index.html.erb (0.1ms)
Completed 200 OK in 9ms (Views: 7.9ms | ActiveRecord: 0.0ms)


Started GET "/gists" for 127.0.0.1 at 2014-03-26 19:38:19 +0100
Processing by GistsController#index as HTML
  [1m[35mGist Load (0.4ms)[0m  SELECT "gists".* FROM "gists"
  Rendered gists/index.html.erb within layouts/application (2.9ms)
Completed 200 OK in 11ms (Views: 9.7ms | ActiveRecord: 0.4ms)


Started GET "/gists" for 127.0.0.1 at 2014-03-26 19:38:21 +0100
Processing by GistsController#index as HTML
  [1m[36mGist Load (0.3ms)[0m  [1mSELECT "gists".* FROM "gists"[0m
  Rendered gists/index.html.erb within layouts/application (7.4ms)
Completed 200 OK in 25ms (Views: 22.8ms | ActiveRecord: 0.3ms)


Started GET "/" for 127.0.0.1 at 2014-03-26 19:38:25 +0100
Processing by Rails::WelcomeController#index as HTML
  Rendered /home/student/.gems/ruby/2.0.0/gems/railties-4.0.4/lib/rails/templates/rails/welcome/index.html.erb (0.1ms)
Completed 200 OK in 4ms (Views: 2.8ms | ActiveRecord: 0.0ms)


Started GET "/" for 127.0.0.1 at 2014-03-26 19:38:26 +0100
Processing by Rails::WelcomeController#index as HTML
  Rendered /home/student/.gems/ruby/2.0.0/gems/railties-4.0.4/lib/rails/templates/rails/welcome/index.html.erb (0.2ms)
Completed 200 OK in 6ms (Views: 5.0ms | ActiveRecord: 0.0ms)


Started GET "/gists" for 127.0.0.1 at 2014-03-26 19:40:57 +0100
Processing by GistsController#index as HTML
  [1m[35mGist Load (0.3ms)[0m  SELECT "gists".* FROM "gists"
  Rendered gists/index.html.erb within layouts/application (2.8ms)
Completed 200 OK in 11ms (Views: 10.5ms | ActiveRecord: 0.3ms)


Started GET "/gists" for 127.0.0.1 at 2014-03-26 19:40:58 +0100
Processing by GistsController#index as HTML
  [1m[36mGist Load (0.3ms)[0m  [1mSELECT "gists".* FROM "gists"[0m
  Rendered gists/index.html.erb within layouts/application (4.3ms)
Completed 200 OK in 19ms (Views: 17.7ms | ActiveRecord: 0.3ms)


Started GET "/gists/1" for 127.0.0.1 at 2014-03-26 19:41:31 +0100
Processing by GistsController#show as HTML
  Parameters: {"id"=>"1"}
  [1m[35mGist Load (0.2ms)[0m  SELECT "gists".* FROM "gists" WHERE "gists"."id" = ? LIMIT 1  [["id", "1"]]
  Rendered gists/show.html.erb within layouts/application (8.5ms)
Completed 200 OK in 27ms (Views: 24.8ms | ActiveRecord: 0.2ms)


Started GET "/gists" for 127.0.0.1 at 2014-03-26 19:42:31 +0100
Processing by GistsController#index as HTML
  [1m[36mGist Load (0.4ms)[0m  [1mSELECT "gists".* FROM "gists"[0m
  Rendered gists/index.html.erb within layouts/application (14.1ms)
Completed 200 OK in 27ms (Views: 25.4ms | ActiveRecord: 0.4ms)


Started GET "/gists" for 127.0.0.1 at 2014-03-26 19:46:14 +0100
Processing by GistsController#index as HTML
  [1m[35mGist Load (0.4ms)[0m  SELECT "gists".* FROM "gists"
  Rendered gists/index.html.erb within layouts/application (9.6ms)
Completed 200 OK in 40ms (Views: 37.7ms | ActiveRecord: 0.4ms)


Started GET "/gists" for 127.0.0.1 at 2014-03-26 19:46:16 +0100
Processing by GistsController#index as HTML
  [1m[36mGist Load (0.3ms)[0m  [1mSELECT "gists".* FROM "gists"[0m
  Rendered gists/index.html.erb within layouts/application (8.5ms)
Completed 200 OK in 28ms (Views: 26.0ms | ActiveRecord: 0.3ms)


Started GET "/gists" for 127.0.0.1 at 2014-03-26 19:55:34 +0100
  [1m[36mActiveRecord::SchemaMigration Load (0.2ms)[0m  [1mSELECT "schema_migrations".* FROM "schema_migrations"[0m
Processing by GistsController#index as HTML
  [1m[35mGist Load (0.3ms)[0m  SELECT "gists".* FROM "gists"
  Rendered gists/index.html.erb within layouts/application (17.1ms)
Completed 200 OK in 142ms (Views: 112.1ms | ActiveRecord: 0.7ms)


Started GET "/gists" for 127.0.0.1 at 2014-03-26 20:31:05 +0100
  [1m[36mActiveRecord::SchemaMigration Load (0.4ms)[0m  [1mSELECT "schema_migrations".* FROM "schema_migrations"[0m
Processing by GistsController#index as HTML
  [1m[35mGist Load (0.3ms)[0m  SELECT "gists".* FROM "gists"
  Rendered gists/index.html.erb within layouts/application (23.1ms)
Completed 200 OK in 3880ms (Views: 3838.5ms | ActiveRecord: 0.7ms)


Started GET "/gists/1" for 127.0.0.1 at 2014-03-26 20:31:51 +0100
Processing by GistsController#show as HTML
  Parameters: {"id"=>"1"}
  [1m[36mGist Load (0.6ms)[0m  [1mSELECT "gists".* FROM "gists" WHERE "gists"."id" = ? LIMIT 1[0m  [["id", "1"]]
  Rendered gists/show.html.erb within layouts/application (75.4ms)
Completed 200 OK in 101ms (Views: 84.2ms | ActiveRecord: 0.6ms)


Started GET "/gists" for 127.0.0.1 at 2014-03-26 20:34:20 +0100
  [1m[36mActiveRecord::SchemaMigration Load (0.2ms)[0m  [1mSELECT "schema_migrations".* FROM "schema_migrations"[0m
Processing by GistsController#index as HTML
  [1m[35mGist Load (2.2ms)[0m  SELECT "gists".* FROM "gists"
  Rendered gists/index.html.erb within layouts/application (17.9ms)
Completed 200 OK in 181ms (Views: 145.2ms | ActiveRecord: 2.7ms)


Started GET "/gists/new" for 127.0.0.1 at 2014-03-26 20:34:30 +0100
Processing by GistsController#new as HTML
  Rendered gists/_form.html.erb (85.1ms)
  Rendered gists/new.html.erb within layouts/application (96.1ms)
Completed 200 OK in 114ms (Views: 111.9ms | ActiveRecord: 0.0ms)
